c:\users\akash kumar s l\desktop\conformation\confirmation\x64\debug\vc143.pdb
c:\users\akash kumar s l\desktop\conformation\confirmation\x64\debug\vc143.idb
c:\users\akash kumar s l\desktop\conformation\confirmation\x64\debug\imgui_widgets.obj
c:\users\akash kumar s l\desktop\conformation\confirmation\x64\debug\imgui_tables.obj
c:\users\akash kumar s l\desktop\conformation\confirmation\x64\debug\imgui_impl_opengl3.obj
c:\users\akash kumar s l\desktop\conformation\confirmation\x64\debug\imgui_impl_glfw.obj
c:\users\akash kumar s l\desktop\conformation\confirmation\x64\debug\imgui_draw.obj
c:\users\akash kumar s l\desktop\conformation\confirmation\x64\debug\imgui_demo.obj
c:\users\akash kumar s l\desktop\conformation\confirmation\x64\debug\imgui.obj
c:\users\akash kumar s l\desktop\conformation\confirmation\x64\debug\conformation.obj
c:\users\akash kumar s l\desktop\conformation\confirmation\x64\debug\confirmation.exe
c:\users\akash kumar s l\desktop\conformation\confirmation\x64\debug\confirmation.ilk
c:\users\akash kumar s l\desktop\conformation\confirmation\x64\debug\confirmation.pdb
c:\users\akash kumar s l\desktop\conformation\confirmation\x64\debug\conformation.obj.enc
c:\users\akash kumar s l\desktop\conformation\confirmation\x64\debug\confirmation.tlog\cl.command.1.tlog
c:\users\akash kumar s l\desktop\conformation\confirmation\x64\debug\confirmation.tlog\cl.read.1.tlog
c:\users\akash kumar s l\desktop\conformation\confirmation\x64\debug\confirmation.tlog\cl.write.1.tlog
c:\users\akash kumar s l\desktop\conformation\confirmation\x64\debug\confirmation.tlog\link.command.1.tlog
c:\users\akash kumar s l\desktop\conformation\confirmation\x64\debug\confirmation.tlog\link.read.1.tlog
c:\users\akash kumar s l\desktop\conformation\confirmation\x64\debug\confirmation.tlog\link.write.1.tlog
